ProAndroidGraphics/app/build/intermediates/manifest_merge_blame_file/debug/manifest-merger-blame-debug-report.txt
1<?xml version="1.0" encoding="utf-8"?>
2<manifest xmlns:android="http://schemas.android.com/apk/res/android"
3    package="pro.android.graphics"
4    android:versionCode="1"
5    android:versionName="1.0" >
6
7    <uses-sdk
8        android:minSdkVersion="21"
8-->src\main\AndroidManifest.xml
9        android:targetSdkVersion="30" />
9-->src\main\AndroidManifest.xml
10
11    <supports-screens
11-->src\main\AndroidManifest.xml:4:5-5:68
12        android:largeScreens="true"
12-->src\main\AndroidManifest.xml:5:9-36
13        android:xlargeScreens="true" />
13-->src\main\AndroidManifest.xml:5:37-65
14    <!-- <uses-sdk -->
15    <!-- android:minSdkVersion="16" android:targetSdkVersion="17" /> -->
16    <uses-permission android:name="android.permission.INTERNET" />
16-->src\main\AndroidManifest.xml:8:5-9:54
16-->src\main\AndroidManifest.xml:9:9-51
17
18    <application
18-->src\main\AndroidManifest.xml:10:5-27:23
19        android:allowBackup="true"
19-->src\main\AndroidManifest.xml:11:9-35
20        android:debuggable="true"
21        android:icon="@drawable/pag_icon"
21-->src\main\AndroidManifest.xml:11:36-69
22        android:label="@string/app_name"
22-->src\main\AndroidManifest.xml:12:9-41
23        android:testOnly="true"
24        android:theme="@style/AppTheme" >
24-->src\main\AndroidManifest.xml:12:42-73
25        <activity
25-->src\main\AndroidManifest.xml:13:9-20:20
26            android:name="pro.android.graphics.MainActivity"
26-->src\main\AndroidManifest.xml:14:13-61
27            android:exported="true"
27-->src\main\AndroidManifest.xml:15:13-36
28            android:label="@string/app_name" >
28-->src\main\AndroidManifest.xml:14:62-94
29            <intent-filter>
29-->src\main\AndroidManifest.xml:16:13-19:29
30                <action android:name="android.intent.action.MAIN" />
30-->src\main\AndroidManifest.xml:17:17-69
30-->src\main\AndroidManifest.xml:17:25-66
31
32                <category android:name="android.intent.category.LAUNCHER" />
32-->src\main\AndroidManifest.xml:18:17-77
32-->src\main\AndroidManifest.xml:18:27-74
33            </intent-filter>
34        </activity>
35        <activity
35-->src\main\AndroidManifest.xml:21:9-22:102
36            android:name="pro.android.graphics.ContentsActivity"
36-->src\main\AndroidManifest.xml:22:13-65
37            android:label="@string/toc_title" />
37-->src\main\AndroidManifest.xml:22:66-99
38        <activity
38-->src\main\AndroidManifest.xml:23:9-24:102
39            android:name="pro.android.graphics.BookmarkActivity"
39-->src\main\AndroidManifest.xml:24:13-65
40            android:label="@string/bmu_title" />
40-->src\main\AndroidManifest.xml:24:66-99
41        <activity
41-->src\main\AndroidManifest.xml:25:9-26:103
42            android:name="pro.android.graphics.SketchPad"
42-->src\main\AndroidManifest.xml:26:13-58
43            android:label="@string/sketchPad_utility" />
43-->src\main\AndroidManifest.xml:26:59-100
44    </application>
45
46</manifest>